#
# There is insufficient memory for the Java Runtime Environment to continue.
# Native memory allocation (malloc) failed to allocate 2694096 bytes for Chunk::new
# Possible reasons:
#   The system is out of physical RAM or swap space
#   The process is running with CompressedOops enabled, and the Java Heap may be blocking the growth of the native heap
# Possible solutions:
#   Reduce memory load on the system
#   Increase physical memory or swap space
#   Check if swap backing store is full
#   Decrease Java heap size (-Xmx/-Xms)
#   Decrease number of Java threads
#   Decrease Java thread stack sizes (-Xss)
#   Set larger code cache with -XX:ReservedCodeCacheSize=
#   JVM is running with Unscaled Compressed Oops mode in which the Java heap is
#     placed in the first 4GB address space. The Java Heap base address is the
#     maximum limit for the native heap growth. Please use -XX:HeapBaseMinAddress
#     to set the Java Heap base and to place the Java Heap above 4GB virtual address.
# This output file may be truncated or incomplete.
#
#  Out of Memory Error (allocation.cpp:389), pid=8748, tid=0x00000000000018a8
#
# JRE version: Java(TM) SE Runtime Environment (8.0_361) (build 1.8.0_361-b09)
# Java VM: Java HotSpot(TM) 64-Bit Server VM (25.361-b09 mixed mode windows-amd64 compressed oops)
# Failed to write core dump. Minidumps are not enabled by default on client versions of Windows
#

---------------  T H R E A D  ---------------

Current thread (0x0000019efe7ee000):  JavaThread "C2 CompilerThread0" daemon [_thread_in_native, id=6312, stack(0x0000009b09600000,0x0000009b09700000)]

Stack: [0x0000009b09600000,0x0000009b09700000]
Native frames: (J=compiled Java code, j=interpreted, Vv=VM code, C=native code)
V  [jvm.dll+0x3317a9]
V  [jvm.dll+0x277c4e]
V  [jvm.dll+0x27888d]
V  [jvm.dll+0x26f0d5]
V  [jvm.dll+0xd590c]
V  [jvm.dll+0xd610c]
V  [jvm.dll+0x4731b3]
V  [jvm.dll+0x43a820]
V  [jvm.dll+0x443825]
V  [jvm.dll+0x442be5]
V  [jvm.dll+0x42d98b]
V  [jvm.dll+0xac70b]
V  [jvm.dll+0xaad6b]
V  [jvm.dll+0x23ffb2]
V  [jvm.dll+0x294a5c]
C  [ucrtbase.dll+0x21bb2]
C  [KERNEL32.DLL+0x17344]
C  [ntdll.dll+0x526b1]


Current CompileTask:
C2:  10550 1604       4       java.net.URLClassLoader$1::run (5 bytes)


---------------  P R O C E S S  ---------------

Java Threads: ( => current thread )
  0x0000019efe867800 JavaThread "Service Thread" daemon [_thread_blocked, id=6384, stack(0x0000009b09900000,0x0000009b09a00000)]
  0x0000019efe7fb000 JavaThread "C1 CompilerThread2" daemon [_thread_in_native, id=14240, stack(0x0000009b09800000,0x0000009b09900000)]
  0x0000019efe7f2000 JavaThread "C2 CompilerThread1" daemon [_thread_in_native, id=13680, stack(0x0000009b09700000,0x0000009b09800000)]
=>0x0000019efe7ee000 JavaThread "C2 CompilerThread0" daemon [_thread_in_native, id=6312, stack(0x0000009b09600000,0x0000009b09700000)]
  0x0000019efe7ea000 JavaThread "Attach Listener" daemon [_thread_blocked, id=12960, stack(0x0000009b09500000,0x0000009b09600000)]
  0x0000019efe7e9000 JavaThread "Signal Dispatcher" daemon [_thread_blocked, id=14440, stack(0x0000009b09400000,0x0000009b09500000)]
  0x0000019efe09d000 JavaThread "Finalizer" daemon [_thread_blocked, id=15128, stack(0x0000009b09300000,0x0000009b09400000)]
  0x0000019efe095000 JavaThread "Reference Handler" daemon [_thread_blocked, id=10180, stack(0x0000009b09200000,0x0000009b09300000)]
  0x0000019ef95d5800 JavaThread "main" [_thread_in_vm, id=12864, stack(0x0000009b08c00000,0x0000009b08d00000)]

Other Threads:
  0x0000019efe7a2800 VMThread [stack: 0x0000009b09100000,0x0000009b09200000] [id=12824]
  0x0000019efe895000 WatcherThread [stack: 0x0000009b09a00000,0x0000009b09b00000] [id=15328]

VM state:not at safepoint (normal execution)

VM Mutex/Monitor currently owned by a thread: None

heap address: 0x00000000c1400000, size: 1004 MB, Compressed Oops mode: 32-bit
Narrow klass base: 0x0000000000000000, Narrow klass shift: 3
Compressed class space size: 1073741824 Address: 0x0000000100000000

Heap:
 PSYoungGen      total 18944K, used 5175K [0x00000000eb180000, 0x00000000edd80000, 0x0000000100000000)
  eden space 16384K, 16% used [0x00000000eb180000,0x00000000eb411e08,0x00000000ec180000)
  from space 2560K, 99% used [0x00000000ec180000,0x00000000ec3fc010,0x00000000ec400000)
  to   space 6144K, 0% used [0x00000000ed780000,0x00000000ed780000,0x00000000edd80000)
 ParOldGen       total 44032K, used 8974K [0x00000000c1400000, 0x00000000c3f00000, 0x00000000eb180000)
  object space 44032K, 20% used [0x00000000c1400000,0x00000000c1cc38a8,0x00000000c3f00000)
 Metaspace       used 14925K, capacity 15250K, committed 15488K, reserved 1062912K
  class space    used 1824K, capacity 1914K, committed 1920K, reserved 1048576K

Card table byte_map: [0x0000019efb2f0000,0x0000019efb4f0000] byte_map_base: 0x0000019eface6000

Marking Bits: (ParMarkBitMap*) 0x0000000053dbb090
 Begin Bits: [0x0000019efb640000, 0x0000019efc5f0000)
 End Bits:   [0x0000019efc5f0000, 0x0000019efd5a0000)

Polling page: 0x0000019ef9550000

CodeCache: size=245760Kb used=5699Kb max_used=5699Kb free=240060Kb
 bounds [0x0000019e80000000, 0x0000019e805a0000, 0x0000019e8f000000]
 total_blobs=2014 nmethods=1669 adapters=257
 compilation: enabled

Compilation events (10 events):
Event: 10.379 Thread 0x0000019efe7fb000 1661       3       java.util.Collections$UnmodifiableMap$UnmodifiableEntrySet$UnmodifiableEntry::getKey (10 bytes)
Event: 10.380 Thread 0x0000019efe7fb000 nmethod 1661 0x0000019e80580090 code [0x0000019e80580200, 0x0000019e80580430]
Event: 10.380 Thread 0x0000019efe7fb000 1662       3       java.util.Collections$UnmodifiableMap$UnmodifiableEntrySet$UnmodifiableEntry::getValue (10 bytes)
Event: 10.380 Thread 0x0000019efe7fb000 nmethod 1662 0x0000019e805804d0 code [0x0000019e80580640, 0x0000019e80580870]
Event: 10.380 Thread 0x0000019efe7fb000 1663       3       java.util.Collections$UnmodifiableMap$UnmodifiableEntrySet$1::next (20 bytes)
Event: 10.381 Thread 0x0000019efe7fb000 nmethod 1663 0x0000019e80580910 code [0x0000019e80580ac0, 0x0000019e80581060]
Event: 10.381 Thread 0x0000019efe7fb000 1664       3       java.util.Collections$UnmodifiableMap$UnmodifiableEntrySet$UnmodifiableEntry::<init> (16 bytes)
Event: 10.381 Thread 0x0000019efe7fb000 nmethod 1664 0x0000019e805812d0 code [0x0000019e80581440, 0x0000019e80581770]
Event: 10.471 Thread 0x0000019efe7fb000 1666       3       org.apache.maven.model.io.xpp3.MavenXpp3Reader::checkFieldWithDuplicate (75 bytes)
Event: 10.473 Thread 0x0000019efe7fb000 nmethod 1666 0x0000019e805818d0 code [0x0000019e80581b20, 0x0000019e805828a0]

GC Heap History (10 events):
Event: 3.102 GC heap before
{Heap before GC invocations=1 (full 0):
 PSYoungGen      total 18944K, used 16384K [0x00000000eb180000, 0x00000000ec680000, 0x0000000100000000)
  eden space 16384K, 100% used [0x00000000eb180000,0x00000000ec180000,0x00000000ec180000)
  from space 2560K, 0% used [0x00000000ec400000,0x00000000ec400000,0x00000000ec680000)
  to   space 2560K, 0% used [0x00000000ec180000,0x00000000ec180000,0x00000000ec400000)
 ParOldGen       total 44032K, used 0K [0x00000000c1400000, 0x00000000c3f00000, 0x00000000eb180000)
  object space 44032K, 0% used [0x00000000c1400000,0x00000000c1400000,0x00000000c3f00000)
 Metaspace       used 7019K, capacity 7196K, committed 7296K, reserved 1056768K
  class space    used 811K, capacity 888K, committed 896K, reserved 1048576K
Event: 3.120 GC heap after
Heap after GC invocations=1 (full 0):
 PSYoungGen      total 18944K, used 2546K [0x00000000eb180000, 0x00000000ec680000, 0x0000000100000000)
  eden space 16384K, 0% used [0x00000000eb180000,0x00000000eb180000,0x00000000ec180000)
  from space 2560K, 99% used [0x00000000ec180000,0x00000000ec3fc820,0x00000000ec400000)
  to   space 2560K, 0% used [0x00000000ec400000,0x00000000ec400000,0x00000000ec680000)
 ParOldGen       total 44032K, used 1232K [0x00000000c1400000, 0x00000000c3f00000, 0x00000000eb180000)
  object space 44032K, 2% used [0x00000000c1400000,0x00000000c1534288,0x00000000c3f00000)
 Metaspace       used 7019K, capacity 7196K, committed 7296K, reserved 1056768K
  class space    used 811K, capacity 888K, committed 896K, reserved 1048576K
}
Event: 4.218 GC heap before
{Heap before GC invocations=2 (full 0):
 PSYoungGen      total 18944K, used 18930K [0x00000000eb180000, 0x00000000ec680000, 0x0000000100000000)
  eden space 16384K, 100% used [0x00000000eb180000,0x00000000ec180000,0x00000000ec180000)
  from space 2560K, 99% used [0x00000000ec180000,0x00000000ec3fc820,0x00000000ec400000)
  to   space 2560K, 0% used [0x00000000ec400000,0x00000000ec400000,0x00000000ec680000)
 ParOldGen       total 44032K, used 1232K [0x00000000c1400000, 0x00000000c3f00000, 0x00000000eb180000)
  object space 44032K, 2% used [0x00000000c1400000,0x00000000c1534288,0x00000000c3f00000)
 Metaspace       used 8379K, capacity 8540K, committed 8832K, reserved 1056768K
  class space    used 1011K, capacity 1080K, committed 1152K, reserved 1048576K
Event: 4.229 GC heap after
Heap after GC invocations=2 (full 0):
 PSYoungGen      total 18944K, used 2528K [0x00000000eb180000, 0x00000000ec680000, 0x0000000100000000)
  eden space 16384K, 0% used [0x00000000eb180000,0x00000000eb180000,0x00000000ec180000)
  from space 2560K, 98% used [0x00000000ec400000,0x00000000ec6782a0,0x00000000ec680000)
  to   space 2560K, 0% used [0x00000000ec180000,0x00000000ec180000,0x00000000ec400000)
 ParOldGen       total 44032K, used 1889K [0x00000000c1400000, 0x00000000c3f00000, 0x00000000eb180000)
  object space 44032K, 4% used [0x00000000c1400000,0x00000000c15d8690,0x00000000c3f00000)
 Metaspace       used 8379K, capacity 8540K, committed 8832K, reserved 1056768K
  class space    used 1011K, capacity 1080K, committed 1152K, reserved 1048576K
}
Event: 5.236 GC heap before
{Heap before GC invocations=3 (full 0):
 PSYoungGen      total 18944K, used 18912K [0x00000000eb180000, 0x00000000ec680000, 0x0000000100000000)
  eden space 16384K, 100% used [0x00000000eb180000,0x00000000ec180000,0x00000000ec180000)
  from space 2560K, 98% used [0x00000000ec400000,0x00000000ec6782a0,0x00000000ec680000)
  to   space 2560K, 0% used [0x00000000ec180000,0x00000000ec180000,0x00000000ec400000)
 ParOldGen       total 44032K, used 1889K [0x00000000c1400000, 0x00000000c3f00000, 0x00000000eb180000)
  object space 44032K, 4% used [0x00000000c1400000,0x00000000c15d8690,0x00000000c3f00000)
 Metaspace       used 9976K, capacity 10108K, committed 10240K, reserved 1058816K
  class space    used 1213K, capacity 1280K, committed 1280K, reserved 1048576K
Event: 5.252 GC heap after
Heap after GC invocations=3 (full 0):
 PSYoungGen      total 18944K, used 2528K [0x00000000eb180000, 0x00000000ec680000, 0x0000000100000000)
  eden space 16384K, 0% used [0x00000000eb180000,0x00000000eb180000,0x00000000ec180000)
  from space 2560K, 98% used [0x00000000ec180000,0x00000000ec3f8020,0x00000000ec400000)
  to   space 2560K, 0% used [0x00000000ec400000,0x00000000ec400000,0x00000000ec680000)
 ParOldGen       total 44032K, used 4045K [0x00000000c1400000, 0x00000000c3f00000, 0x00000000eb180000)
  object space 44032K, 9% used [0x00000000c1400000,0x00000000c17f3460,0x00000000c3f00000)
 Metaspace       used 9976K, capacity 10108K, committed 10240K, reserved 1058816K
  class space    used 1213K, capacity 1280K, committed 1280K, reserved 1048576K
}
Event: 6.870 GC heap before
{Heap before GC invocations=4 (full 0):
 PSYoungGen      total 18944K, used 18912K [0x00000000eb180000, 0x00000000ec680000, 0x0000000100000000)
  eden space 16384K, 100% used [0x00000000eb180000,0x00000000ec180000,0x00000000ec180000)
  from space 2560K, 98% used [0x00000000ec180000,0x00000000ec3f8020,0x00000000ec400000)
  to   space 2560K, 0% used [0x00000000ec400000,0x00000000ec400000,0x00000000ec680000)
 ParOldGen       total 44032K, used 4045K [0x00000000c1400000, 0x00000000c3f00000, 0x00000000eb180000)
  object space 44032K, 9% used [0x00000000c1400000,0x00000000c17f3460,0x00000000c3f00000)
 Metaspace       used 11973K, capacity 12162K, committed 12416K, reserved 1060864K
  class space    used 1492K, capacity 1576K, committed 1664K, reserved 1048576K
Event: 6.892 GC heap after
Heap after GC invocations=4 (full 0):
 PSYoungGen      total 18944K, used 2544K [0x00000000eb180000, 0x00000000ed680000, 0x0000000100000000)
  eden space 16384K, 0% used [0x00000000eb180000,0x00000000eb180000,0x00000000ec180000)
  from space 2560K, 99% used [0x00000000ec400000,0x00000000ec67c030,0x00000000ec680000)
  to   space 2560K, 0% used [0x00000000ec180000,0x00000000ec180000,0x00000000ec400000)
 ParOldGen       total 44032K, used 6585K [0x00000000c1400000, 0x00000000c3f00000, 0x00000000eb180000)
  object space 44032K, 14% used [0x00000000c1400000,0x00000000c1a6e680,0x00000000c3f00000)
 Metaspace       used 11973K, capacity 12162K, committed 12416K, reserved 1060864K
  class space    used 1492K, capacity 1576K, committed 1664K, reserved 1048576K
}
Event: 10.100 GC heap before
{Heap before GC invocations=5 (full 0):
 PSYoungGen      total 18944K, used 18928K [0x00000000eb180000, 0x00000000ed680000, 0x0000000100000000)
  eden space 16384K, 100% used [0x00000000eb180000,0x00000000ec180000,0x00000000ec180000)
  from space 2560K, 99% used [0x00000000ec400000,0x00000000ec67c030,0x00000000ec680000)
  to   space 2560K, 0% used [0x00000000ec180000,0x00000000ec180000,0x00000000ec400000)
 ParOldGen       total 44032K, used 6585K [0x00000000c1400000, 0x00000000c3f00000, 0x00000000eb180000)
  object space 44032K, 14% used [0x00000000c1400000,0x00000000c1a6e680,0x00000000c3f00000)
 Metaspace       used 14516K, capacity 14768K, committed 14976K, reserved 1062912K
  class space    used 1789K, capacity 1880K, committed 1920K, reserved 1048576K
Event: 10.149 GC heap after
Heap after GC invocations=5 (full 0):
 PSYoungGen      total 18944K, used 2544K [0x00000000eb180000, 0x00000000edd80000, 0x0000000100000000)
  eden space 16384K, 0% used [0x00000000eb180000,0x00000000eb180000,0x00000000ec180000)
  from space 2560K, 99% used [0x00000000ec180000,0x00000000ec3fc010,0x00000000ec400000)
  to   space 6144K, 0% used [0x00000000ed780000,0x00000000ed780000,0x00000000edd80000)
 ParOldGen       total 44032K, used 8974K [0x00000000c1400000, 0x00000000c3f00000, 0x00000000eb180000)
  object space 44032K, 20% used [0x00000000c1400000,0x00000000c1cc38a8,0x00000000c3f00000)
 Metaspace       used 14516K, capacity 14768K, committed 14976K, reserved 1062912K
  class space    used 1789K, capacity 1880K, committed 1920K, reserved 1048576K
}

Deoptimization events (10 events):
Event: 7.595 Thread 0x0000019ef95d5800 Uncommon trap: reason=predicate action=maybe_recompile pc=0x0000019e8025dc60 method=sun.net.www.ParseUtil.encodePath(Ljava/lang/String;Z)Ljava/lang/String; @ 36
Event: 7.869 Thread 0x0000019ef95d5800 Uncommon trap: reason=unstable_if action=reinterpret pc=0x0000019e804cf1d8 method=java.lang.reflect.Modifier.isSynthetic(I)Z @ 5
Event: 8.320 Thread 0x0000019ef95d5800 Uncommon trap: reason=unstable_if action=reinterpret pc=0x0000019e8054db00 method=org.eclipse.sisu.inject.InjectorBindings.isAssignableFrom(Lcom/google/inject/TypeLiteral;Lcom/google/inject/Binding;)Z @ 14
Event: 8.392 Thread 0x0000019ef95d5800 Uncommon trap: reason=unstable_if action=reinterpret pc=0x0000019e802d3d90 method=sun.nio.cs.StreamDecoder.implRead([CII)I @ 36
Event: 8.393 Thread 0x0000019ef95d5800 Uncommon trap: reason=unstable_if action=reinterpret pc=0x0000019e802cb838 method=sun.nio.cs.StreamDecoder.implRead([CII)I @ 36
Event: 8.519 Thread 0x0000019ef95d5800 Uncommon trap: reason=unstable_if action=reinterpret pc=0x0000019e802be5a8 method=sun.nio.cs.StreamDecoder.implRead([CII)I @ 36
Event: 8.934 Thread 0x0000019ef95d5800 Uncommon trap: reason=bimorphic action=maybe_recompile pc=0x0000019e80525978 method=java.net.URL.<init>(Ljava/net/URL;Ljava/lang/String;Ljava/net/URLStreamHandler;)V @ 504
Event: 8.934 Thread 0x0000019ef95d5800 Uncommon trap: reason=unstable_if action=reinterpret pc=0x0000019e804b07b8 method=sun.net.util.IPAddressUtil.scan(Ljava/lang/String;JJ[C)I @ 14
Event: 8.951 Thread 0x0000019ef95d5800 Uncommon trap: reason=bimorphic action=maybe_recompile pc=0x0000019e80525978 method=java.net.URL.<init>(Ljava/net/URL;Ljava/lang/String;Ljava/net/URLStreamHandler;)V @ 504
Event: 10.029 Thread 0x0000019ef95d5800 Uncommon trap: reason=unstable_if action=reinterpret pc=0x0000019e801a78b0 method=java.lang.String.replace(CC)Ljava/lang/String; @ 2

Classes redefined (0 events):
No events

Internal exceptions (10 events):
Event: 1.558 Thread 0x0000019ef95d5800 Exception <a 'java/lang/NullPointerException'> (0x00000000eb4de098) thrown at [C:\jenkins\workspace\8-2-build-windows-x64-cygwin\jdk8u361\3183\hotspot\src\share\vm\interpreter\linkResolver.cpp, line 1185]
Event: 3.412 Thread 0x0000019ef95d5800 Exception <a 'java/lang/NoClassDefFoundError': javax/enterprise/inject/Typed> (0x00000000eb46f3c8) thrown at [C:\jenkins\workspace\8-2-build-windows-x64-cygwin\jdk8u361\3183\hotspot\src\share\vm\classfile\systemDictionary.cpp, line 201]
Event: 7.591 Thread 0x0000019ef95d5800 Exception <a 'java/lang/NoClassDefFoundError': com/google/inject/servlet/ServletModuleTargetVisitor> (0x00000000eb7128e0) thrown at [C:\jenkins\workspace\8-2-build-windows-x64-cygwin\jdk8u361\3183\hotspot\src\share\vm\classfile\systemDictionary.cpp, line 
Event: 7.593 Thread 0x0000019ef95d5800 Exception <a 'java/lang/NoClassDefFoundError'> (0x00000000eb7128e0) thrown at [C:\jenkins\workspace\8-2-build-windows-x64-cygwin\jdk8u361\3183\hotspot\src\share\vm\prims\jvm.cpp, line 1517]
Event: 8.859 Thread 0x0000019ef95d5800 Exception <a 'java/lang/NullPointerException'> (0x00000000ebde4f00) thrown at [C:\jenkins\workspace\8-2-build-windows-x64-cygwin\jdk8u361\3183\hotspot\src\share\vm\interpreter\linkResolver.cpp, line 1185]
Event: 8.859 Thread 0x0000019ef95d5800 Exception <a 'java/lang/NullPointerException'> (0x00000000ebde5108) thrown at [C:\jenkins\workspace\8-2-build-windows-x64-cygwin\jdk8u361\3183\hotspot\src\share\vm\interpreter\linkResolver.cpp, line 1185]
Event: 8.859 Thread 0x0000019ef95d5800 Exception <a 'java/lang/NullPointerException'> (0x00000000ebde5310) thrown at [C:\jenkins\workspace\8-2-build-windows-x64-cygwin\jdk8u361\3183\hotspot\src\share\vm\interpreter\linkResolver.cpp, line 1185]
Event: 8.866 Thread 0x0000019ef95d5800 Exception <a 'java/lang/NullPointerException'> (0x00000000ebdec6d0) thrown at [C:\jenkins\workspace\8-2-build-windows-x64-cygwin\jdk8u361\3183\hotspot\src\share\vm\interpreter\linkResolver.cpp, line 1185]
Event: 8.866 Thread 0x0000019ef95d5800 Exception <a 'java/lang/NullPointerException'> (0x00000000ebdec8d8) thrown at [C:\jenkins\workspace\8-2-build-windows-x64-cygwin\jdk8u361\3183\hotspot\src\share\vm\interpreter\linkResolver.cpp, line 1185]
Event: 8.866 Thread 0x0000019ef95d5800 Exception <a 'java/lang/NullPointerException'> (0x00000000ebdecae0) thrown at [C:\jenkins\workspace\8-2-build-windows-x64-cygwin\jdk8u361\3183\hotspot\src\share\vm\interpreter\linkResolver.cpp, line 1185]

Events (10 events):
Event: 10.417 loading class org/apache/maven/repository/internal/DefaultModelCache
Event: 10.417 loading class org/apache/maven/repository/internal/DefaultModelCache done
Event: 10.420 loading class org/apache/maven/repository/internal/DefaultModelResolver
Event: 10.420 loading class org/apache/maven/repository/internal/DefaultModelResolver done
Event: 10.432 loading class org/apache/maven/model/io/xpp3/MavenXpp3Reader
Event: 10.432 loading class org/apache/maven/model/io/xpp3/MavenXpp3Reader done
Event: 10.460 loading class org/apache/maven/model/io/xpp3/MavenXpp3Reader$ContentTransformer
Event: 10.460 loading class org/apache/maven/model/io/xpp3/MavenXpp3Reader$ContentTransformer done
Event: 10.463 loading class org/apache/maven/model/io/xpp3/MavenXpp3Reader$1
Event: 10.463 loading class org/apache/maven/model/io/xpp3/MavenXpp3Reader$1 done


Dynamic libraries:
0x00007ff632380000 - 0x00007ff6323c7000 	C:\Program Files\Java\jdk1.8.0_361\bin\java.exe
0x00007fff96950000 - 0x00007fff96b48000 	C:\WINDOWS\SYSTEM32\ntdll.dll
0x00007fff95980000 - 0x00007fff95a3d000 	C:\WINDOWS\System32\KERNEL32.DLL
0x00007fff943d0000 - 0x00007fff946c6000 	C:\WINDOWS\System32\KERNELBASE.dll
0x00007fff96280000 - 0x00007fff9632e000 	C:\WINDOWS\System32\ADVAPI32.dll
0x00007fff96870000 - 0x00007fff9690e000 	C:\WINDOWS\System32\msvcrt.dll
0x00007fff949b0000 - 0x00007fff94a4c000 	C:\WINDOWS\System32\sechost.dll
0x00007fff955a0000 - 0x00007fff956c6000 	C:\WINDOWS\System32\RPCRT4.dll
0x00007fff94e40000 - 0x00007fff94fde000 	C:\WINDOWS\System32\USER32.dll
0x00007fff94030000 - 0x00007fff94052000 	C:\WINDOWS\System32\win32u.dll
0x00007fff95570000 - 0x00007fff9559c000 	C:\WINDOWS\System32\GDI32.dll
0x00007fff94060000 - 0x00007fff9417a000 	C:\WINDOWS\System32\gdi32full.dll
0x00007fff94180000 - 0x00007fff9421d000 	C:\WINDOWS\System32\msvcp_win.dll
0x00007fff94720000 - 0x00007fff94820000 	C:\WINDOWS\System32\ucrtbase.dll
0x00007fff8bb90000 - 0x00007fff8be2a000 	C:\WINDOWS\WinSxS\amd64_microsoft.windows.common-controls_6595b64144ccf1df_6.0.19041.1110_none_60b5254171f9507e\COMCTL32.dll
0x00007fff953a0000 - 0x00007fff953d0000 	C:\WINDOWS\System32\IMM32.DLL
0x00007fff852e0000 - 0x00007fff852f5000 	C:\Program Files\Java\jdk1.8.0_361\jre\bin\vcruntime140.dll
0x00007fff7a9f0000 - 0x00007fff7aa8b000 	C:\Program Files\Java\jdk1.8.0_361\jre\bin\msvcp140.dll
0x00000000535d0000 - 0x0000000053e33000 	C:\Program Files\Java\jdk1.8.0_361\jre\bin\server\jvm.dll
0x00007fff95430000 - 0x00007fff95438000 	C:\WINDOWS\System32\PSAPI.DLL
0x00007fff82de0000 - 0x00007fff82de9000 	C:\WINDOWS\SYSTEM32\WSOCK32.dll
0x00007fff95440000 - 0x00007fff954ab000 	C:\WINDOWS\System32\WS2_32.dll
0x00007fff86250000 - 0x00007fff86277000 	C:\WINDOWS\SYSTEM32\WINMM.dll
0x00007fff89690000 - 0x00007fff8969a000 	C:\WINDOWS\SYSTEM32\VERSION.dll
0x00007fff92850000 - 0x00007fff92862000 	C:\WINDOWS\SYSTEM32\kernel.appcore.dll
0x00007fff8e610000 - 0x00007fff8e620000 	C:\Program Files\Java\jdk1.8.0_361\jre\bin\verify.dll
0x00007fff7c250000 - 0x00007fff7c27b000 	C:\Program Files\Java\jdk1.8.0_361\jre\bin\java.dll
0x00007fff838f0000 - 0x00007fff83908000 	C:\Program Files\Java\jdk1.8.0_361\jre\bin\zip.dll
0x00007fff95b30000 - 0x00007fff96275000 	C:\WINDOWS\System32\SHELL32.dll
0x00007fff91fe0000 - 0x00007fff9277b000 	C:\WINDOWS\SYSTEM32\windows.storage.dll
0x00007fff95040000 - 0x00007fff95394000 	C:\WINDOWS\System32\combase.dll
0x00007fff939a0000 - 0x00007fff939ce000 	C:\WINDOWS\SYSTEM32\Wldp.dll
0x00007fff954c0000 - 0x00007fff9556d000 	C:\WINDOWS\System32\SHCORE.dll
0x00007fff94fe0000 - 0x00007fff95035000 	C:\WINDOWS\System32\shlwapi.dll
0x00007fff93f60000 - 0x00007fff93f85000 	C:\WINDOWS\SYSTEM32\profapi.dll
0x0000000069ac0000 - 0x0000000069ae4000 	C:\Program Files\NetBeans-16\netbeans\java\maven\lib\jansi-native\Windows\x86_64\jansi.dll
0x00007fff8e100000 - 0x00007fff8e2e4000 	C:\WINDOWS\SYSTEM32\dbghelp.dll
0x00007fff94340000 - 0x00007fff943c2000 	C:\WINDOWS\System32\bcryptPrimitives.dll

VM Arguments:
jvm_args: -Dclassworlds.conf=C:\Program Files\NetBeans-16\netbeans\java\maven\bin\m2.conf -Dmaven.home=C:\Program Files\NetBeans-16\netbeans\java\maven -Dlibrary.jansi.path=C:\Program Files\NetBeans-16\netbeans\java\maven\lib\jansi-native -Dmaven.multiModuleProjectDirectory=C:\Users\eliana\Documents\NetBeansProjects\ClaseJavaIntermedioMyJ10A12 
java_command: org.codehaus.plexus.classworlds.launcher.Launcher -Dexec.vmArgs= -Dexec.args=${exec.vmArgs} -classpath %classpath ${exec.mainClass} ${exec.appArgs} -Dexec.executable=C:\Program Files\Java\jdk1.8.0_361\bin\java.exe -Dexec.mainClass=LambdaStreams.TemarioDeClase3Y4 -Dexec.classpathScope=runtime -Dexec.appArgs= -Dmaven.ext.class.path=C:\Program Files\NetBeans-16\netbeans\java\maven-nblib\netbeans-eventspy.jar -Dfile.encoding=UTF-8 org.codehaus.mojo:exec-maven-plugin:3.0.0:exec
java_class_path (initial): C:\Program Files\NetBeans-16\netbeans\java\maven\boot\plexus-classworlds-2.6.0.jar
Launcher Type: SUN_STANDARD

Environment Variables:
JAVA_HOME=C:\Program Files\Java\jdk1.8.0_361
PATH=C:\Program Files (x86)\Common Files\Oracle\Java\javapath;C:\Program Files (x86)\Intel\TXE Components\TCS\;C:\Program Files\Intel\TXE Components\TCS\;C:\WINDOWS\system32;C:\WINDOWS;C:\WINDOWS\System32\Wbem;C:\WINDOWS\System32\WindowsPowerShell\v1.0\;C:\Program Files (x86)\Common Files\lenovo\easyplussdk\bin;C:\Program Files\Intel\TXE Components\DAL\;C:\Program Files (x86)\Intel\TXE Components\DAL\;C:\Program Files\Intel\TXE Components\IPT\;C:\Program Files (x86)\Intel\TXE Components\IPT\;C:\Program Files\TortoiseSVN\bin;C:\WINDOWS\System32\OpenSSH\;C:\Program Files\Intel\WiFi\bin\;C:\Program Files\Common Files\Intel\WirelessCommon\;C:\Program Files\Calibre2\;C:\Program Files\Git\cmd;C:\Program Files\MySQL\MySQL Shell 8.0\bin\;C:\Users\eliana\AppData\Local\Microsoft\WindowsApps;
USERNAME=eliana
OS=Windows_NT
PROCESSOR_IDENTIFIER=Intel64 Family 6 Model 76 Stepping 3, GenuineIntel



---------------  S Y S T E M  ---------------

OS: Windows 10 , 64 bit Build 19041 (10.0.19041.3393)

CPU:total 4 (initial active 4) (4 cores per cpu, 1 threads per core) family 6 model 76 stepping 3, cmov, cx8, fxsr, mmx, sse, sse2, sse3, ssse3, sse4.1, sse4.2, popcnt, aes, clmul, erms, 3dnowpref, tsc, tscinvbit

Memory: 4k page, physical 4104464k(379340k free), swap 16687376k(6716k free)

vm_info: Java HotSpot(TM) 64-Bit Server VM (25.361-b09) for windows-amd64 JRE (1.8.0_361-b09), built on Jan  9 2023 08:38:53 by "java_re" with MS VC++ 15.9 (VS2017)

time: Thu Nov  9 10:48:44 2023
timezone: Hora estándar de Argentina
elapsed time: 10.572334 seconds (0d 0h 0m 10s)

