#
# There is insufficient memory for the Java Runtime Environment to continue.
# Native memory allocation (malloc) failed to allocate 2174496 bytes for Chunk::new
# Possible reasons:
#   The system is out of physical RAM or swap space
#   The process is running with CompressedOops enabled, and the Java Heap may be blocking the growth of the native heap
# Possible solutions:
#   Reduce memory load on the system
#   Increase physical memory or swap space
#   Check if swap backing store is full
#   Decrease Java heap size (-Xmx/-Xms)
#   Decrease number of Java threads
#   Decrease Java thread stack sizes (-Xss)
#   Set larger code cache with -XX:ReservedCodeCacheSize=
#   JVM is running with Unscaled Compressed Oops mode in which the Java heap is
#     placed in the first 4GB address space. The Java Heap base address is the
#     maximum limit for the native heap growth. Please use -XX:HeapBaseMinAddress
#     to set the Java Heap base and to place the Java Heap above 4GB virtual address.
# This output file may be truncated or incomplete.
#
#  Out of Memory Error (allocation.cpp:389), pid=9588, tid=0x0000000000001ee4
#
# JRE version: Java(TM) SE Runtime Environment (8.0_361) (build 1.8.0_361-b09)
# Java VM: Java HotSpot(TM) 64-Bit Server VM (25.361-b09 mixed mode windows-amd64 compressed oops)
# Failed to write core dump. Minidumps are not enabled by default on client versions of Windows
#

---------------  T H R E A D  ---------------

Current thread (0x000001a7826c6000):  JavaThread "C2 CompilerThread1" daemon [_thread_in_native, id=7908, stack(0x00000023b1600000,0x00000023b1700000)]

Stack: [0x00000023b1600000,0x00000023b1700000]
Native frames: (J=compiled Java code, j=interpreted, Vv=VM code, C=native code)
V  [jvm.dll+0x3317a9]
V  [jvm.dll+0x277c4e]
V  [jvm.dll+0x27888d]
V  [jvm.dll+0x26f0d5]
V  [jvm.dll+0xd590c]
V  [jvm.dll+0xd610c]
V  [jvm.dll+0x473205]
V  [jvm.dll+0x43a9d8]
V  [jvm.dll+0x443825]
V  [jvm.dll+0x442be5]
V  [jvm.dll+0x42d98b]
V  [jvm.dll+0xac70b]
V  [jvm.dll+0xaad6b]
V  [jvm.dll+0x23ffb2]
V  [jvm.dll+0x294a5c]
C  [ucrtbase.dll+0x21bb2]
C  [KERNEL32.DLL+0x17344]
C  [ntdll.dll+0x526b1]


Current CompileTask:
C2:  12121 1599   !   4       java.net.URLClassLoader$1::run (81 bytes)


---------------  P R O C E S S  ---------------

Java Threads: ( => current thread )
  0x000001a782743000 JavaThread "Service Thread" daemon [_thread_blocked, id=11368, stack(0x00000023b1800000,0x00000023b1900000)]
  0x000001a7826c7800 JavaThread "C1 CompilerThread2" daemon [_thread_blocked, id=7096, stack(0x00000023b1700000,0x00000023b1800000)]
=>0x000001a7826c6000 JavaThread "C2 CompilerThread1" daemon [_thread_in_native, id=7908, stack(0x00000023b1600000,0x00000023b1700000)]
  0x000001a7826c2000 JavaThread "C2 CompilerThread0" daemon [_thread_in_native, id=11216, stack(0x00000023b1500000,0x00000023b1600000)]
  0x000001a7826bb800 JavaThread "Attach Listener" daemon [_thread_blocked, id=14096, stack(0x00000023b1400000,0x00000023b1500000)]
  0x000001a7826ba800 JavaThread "Signal Dispatcher" daemon [_thread_blocked, id=9268, stack(0x00000023b1300000,0x00000023b1400000)]
  0x000001a7fffed800 JavaThread "Finalizer" daemon [_thread_blocked, id=14668, stack(0x00000023b1200000,0x00000023b1300000)]
  0x000001a782695800 JavaThread "Reference Handler" daemon [_thread_blocked, id=11332, stack(0x00000023b1100000,0x00000023b1200000)]
  0x000001a7ee3fb000 JavaThread "main" [_thread_in_Java, id=5288, stack(0x00000023b0b00000,0x00000023b0c00000)]

Other Threads:
  0x000001a782672000 VMThread [stack: 0x00000023b1000000,0x00000023b1100000] [id=9864]
  0x000001a782745000 WatcherThread [stack: 0x00000023b1900000,0x00000023b1a00000] [id=12980]

VM state:not at safepoint (normal execution)

VM Mutex/Monitor currently owned by a thread: None

heap address: 0x00000000c1400000, size: 1004 MB, Compressed Oops mode: 32-bit
Narrow klass base: 0x0000000000000000, Narrow klass shift: 3
Compressed class space size: 1073741824 Address: 0x0000000100000000

Heap:
 PSYoungGen      total 18944K, used 9080K [0x00000000eb180000, 0x00000000edd80000, 0x0000000100000000)
  eden space 16384K, 39% used [0x00000000eb180000,0x00000000eb7e6230,0x00000000ec180000)
  from space 2560K, 98% used [0x00000000ec180000,0x00000000ec3f8020,0x00000000ec400000)
  to   space 6144K, 0% used [0x00000000ed780000,0x00000000ed780000,0x00000000edd80000)
 ParOldGen       total 44032K, used 8947K [0x00000000c1400000, 0x00000000c3f00000, 0x00000000eb180000)
  object space 44032K, 20% used [0x00000000c1400000,0x00000000c1cbcc00,0x00000000c3f00000)
 Metaspace       used 15243K, capacity 15582K, committed 15872K, reserved 1062912K
  class space    used 1862K, capacity 1980K, committed 2048K, reserved 1048576K

Card table byte_map: [0x000001a7ff1a0000,0x000001a7ff3a0000] byte_map_base: 0x000001a7feb96000

Marking Bits: (ParMarkBitMap*) 0x0000000053dbb090
 Begin Bits: [0x000001a780000000, 0x000001a780fb0000)
 End Bits:   [0x000001a780fb0000, 0x000001a781f60000)

Polling page: 0x000001a7ee4f0000

CodeCache: size=245760Kb used=5939Kb max_used=5939Kb free=239820Kb
 bounds [0x000001a7efde0000, 0x000001a7f03c0000, 0x000001a7fede0000]
 total_blobs=2084 nmethods=1739 adapters=258
 compilation: enabled

Compilation events (10 events):
Event: 11.998 Thread 0x000001a7826c7800 1757       3       java.util.WeakHashMap::eq (19 bytes)
Event: 11.999 Thread 0x000001a7826c7800 nmethod 1757 0x000001a7f03a6f90 code [0x000001a7f03a7100, 0x000001a7f03a7390]
Event: 11.999 Thread 0x000001a7826c7800 1758       1       sun.reflect.ClassFileAssembler::getStack (5 bytes)
Event: 11.999 Thread 0x000001a7826c7800 nmethod 1758 0x000001a7f03a7450 code [0x000001a7f03a75a0, 0x000001a7f03a76b8]
Event: 12.001 Thread 0x000001a7826c7800 1759       3       org.apache.maven.model.interpolation.StringVisitorModelInterpolator$ModelVisitor::visit (117 bytes)
Event: 12.005 Thread 0x000001a7826c7800 nmethod 1759 0x000001a7f03a7710 code [0x000001a7f03a7980, 0x000001a7f03a86a0]
Event: 12.006 Thread 0x000001a7826c7800 1760       3       java.lang.AbstractStringBuilder::append (144 bytes)
Event: 12.009 Thread 0x000001a7826c7800 nmethod 1760 0x000001a7f03a8dd0 code [0x000001a7f03a90a0, 0x000001a7f03aa5b0]
Event: 12.009 Thread 0x000001a7826c7800 1761       3       java.lang.StringBuilder::append (10 bytes)
Event: 12.009 Thread 0x000001a7826c7800 nmethod 1761 0x000001a7f03ab050 code [0x000001a7f03ab1c0, 0x000001a7f03ab350]

GC Heap History (10 events):
Event: 3.931 GC heap before
{Heap before GC invocations=1 (full 0):
 PSYoungGen      total 18944K, used 16384K [0x00000000eb180000, 0x00000000ec680000, 0x0000000100000000)
  eden space 16384K, 100% used [0x00000000eb180000,0x00000000ec180000,0x00000000ec180000)
  from space 2560K, 0% used [0x00000000ec400000,0x00000000ec400000,0x00000000ec680000)
  to   space 2560K, 0% used [0x00000000ec180000,0x00000000ec180000,0x00000000ec400000)
 ParOldGen       total 44032K, used 0K [0x00000000c1400000, 0x00000000c3f00000, 0x00000000eb180000)
  object space 44032K, 0% used [0x00000000c1400000,0x00000000c1400000,0x00000000c3f00000)
 Metaspace       used 7015K, capacity 7196K, committed 7296K, reserved 1056768K
  class space    used 809K, capacity 888K, committed 896K, reserved 1048576K
Event: 3.948 GC heap after
Heap after GC invocations=1 (full 0):
 PSYoungGen      total 18944K, used 2530K [0x00000000eb180000, 0x00000000ec680000, 0x0000000100000000)
  eden space 16384K, 0% used [0x00000000eb180000,0x00000000eb180000,0x00000000ec180000)
  from space 2560K, 98% used [0x00000000ec180000,0x00000000ec3f8810,0x00000000ec400000)
  to   space 2560K, 0% used [0x00000000ec400000,0x00000000ec400000,0x00000000ec680000)
 ParOldGen       total 44032K, used 1276K [0x00000000c1400000, 0x00000000c3f00000, 0x00000000eb180000)
  object space 44032K, 2% used [0x00000000c1400000,0x00000000c153f0f0,0x00000000c3f00000)
 Metaspace       used 7015K, capacity 7196K, committed 7296K, reserved 1056768K
  class space    used 809K, capacity 888K, committed 896K, reserved 1048576K
}
Event: 5.066 GC heap before
{Heap before GC invocations=2 (full 0):
 PSYoungGen      total 18944K, used 18914K [0x00000000eb180000, 0x00000000ec680000, 0x0000000100000000)
  eden space 16384K, 100% used [0x00000000eb180000,0x00000000ec180000,0x00000000ec180000)
  from space 2560K, 98% used [0x00000000ec180000,0x00000000ec3f8810,0x00000000ec400000)
  to   space 2560K, 0% used [0x00000000ec400000,0x00000000ec400000,0x00000000ec680000)
 ParOldGen       total 44032K, used 1276K [0x00000000c1400000, 0x00000000c3f00000, 0x00000000eb180000)
  object space 44032K, 2% used [0x00000000c1400000,0x00000000c153f0f0,0x00000000c3f00000)
 Metaspace       used 8385K, capacity 8540K, committed 8832K, reserved 1056768K
  class space    used 1010K, capacity 1080K, committed 1152K, reserved 1048576K
Event: 5.077 GC heap after
Heap after GC invocations=2 (full 0):
 PSYoungGen      total 18944K, used 2541K [0x00000000eb180000, 0x00000000ec680000, 0x0000000100000000)
  eden space 16384K, 0% used [0x00000000eb180000,0x00000000eb180000,0x00000000ec180000)
  from space 2560K, 99% used [0x00000000ec400000,0x00000000ec67b730,0x00000000ec680000)
  to   space 2560K, 0% used [0x00000000ec180000,0x00000000ec180000,0x00000000ec400000)
 ParOldGen       total 44032K, used 1919K [0x00000000c1400000, 0x00000000c3f00000, 0x00000000eb180000)
  object space 44032K, 4% used [0x00000000c1400000,0x00000000c15dffa8,0x00000000c3f00000)
 Metaspace       used 8385K, capacity 8540K, committed 8832K, reserved 1056768K
  class space    used 1010K, capacity 1080K, committed 1152K, reserved 1048576K
}
Event: 5.999 GC heap before
{Heap before GC invocations=3 (full 0):
 PSYoungGen      total 18944K, used 18925K [0x00000000eb180000, 0x00000000ec680000, 0x0000000100000000)
  eden space 16384K, 100% used [0x00000000eb180000,0x00000000ec180000,0x00000000ec180000)
  from space 2560K, 99% used [0x00000000ec400000,0x00000000ec67b730,0x00000000ec680000)
  to   space 2560K, 0% used [0x00000000ec180000,0x00000000ec180000,0x00000000ec400000)
 ParOldGen       total 44032K, used 1919K [0x00000000c1400000, 0x00000000c3f00000, 0x00000000eb180000)
  object space 44032K, 4% used [0x00000000c1400000,0x00000000c15dffa8,0x00000000c3f00000)
 Metaspace       used 9975K, capacity 10172K, committed 10240K, reserved 1058816K
  class space    used 1213K, capacity 1280K, committed 1280K, reserved 1048576K
Event: 6.015 GC heap after
Heap after GC invocations=3 (full 0):
 PSYoungGen      total 18944K, used 2544K [0x00000000eb180000, 0x00000000ec680000, 0x0000000100000000)
  eden space 16384K, 0% used [0x00000000eb180000,0x00000000eb180000,0x00000000ec180000)
  from space 2560K, 99% used [0x00000000ec180000,0x00000000ec3fc030,0x00000000ec400000)
  to   space 2560K, 0% used [0x00000000ec400000,0x00000000ec400000,0x00000000ec680000)
 ParOldGen       total 44032K, used 4035K [0x00000000c1400000, 0x00000000c3f00000, 0x00000000eb180000)
  object space 44032K, 9% used [0x00000000c1400000,0x00000000c17f0f70,0x00000000c3f00000)
 Metaspace       used 9975K, capacity 10172K, committed 10240K, reserved 1058816K
  class space    used 1213K, capacity 1280K, committed 1280K, reserved 1048576K
}
Event: 7.165 GC heap before
{Heap before GC invocations=4 (full 0):
 PSYoungGen      total 18944K, used 18928K [0x00000000eb180000, 0x00000000ec680000, 0x0000000100000000)
  eden space 16384K, 100% used [0x00000000eb180000,0x00000000ec180000,0x00000000ec180000)
  from space 2560K, 99% used [0x00000000ec180000,0x00000000ec3fc030,0x00000000ec400000)
  to   space 2560K, 0% used [0x00000000ec400000,0x00000000ec400000,0x00000000ec680000)
 ParOldGen       total 44032K, used 4035K [0x00000000c1400000, 0x00000000c3f00000, 0x00000000eb180000)
  object space 44032K, 9% used [0x00000000c1400000,0x00000000c17f0f70,0x00000000c3f00000)
 Metaspace       used 11959K, capacity 12162K, committed 12416K, reserved 1060864K
  class space    used 1490K, capacity 1576K, committed 1664K, reserved 1048576K
Event: 7.183 GC heap after
Heap after GC invocations=4 (full 0):
 PSYoungGen      total 18944K, used 2528K [0x00000000eb180000, 0x00000000ed680000, 0x0000000100000000)
  eden space 16384K, 0% used [0x00000000eb180000,0x00000000eb180000,0x00000000ec180000)
  from space 2560K, 98% used [0x00000000ec400000,0x00000000ec678040,0x00000000ec680000)
  to   space 2560K, 0% used [0x00000000ec180000,0x00000000ec180000,0x00000000ec400000)
 ParOldGen       total 44032K, used 6597K [0x00000000c1400000, 0x00000000c3f00000, 0x00000000eb180000)
  object space 44032K, 14% used [0x00000000c1400000,0x00000000c1a71598,0x00000000c3f00000)
 Metaspace       used 11959K, capacity 12162K, committed 12416K, reserved 1060864K
  class space    used 1490K, capacity 1576K, committed 1664K, reserved 1048576K
}
Event: 9.969 GC heap before
{Heap before GC invocations=5 (full 0):
 PSYoungGen      total 18944K, used 18912K [0x00000000eb180000, 0x00000000ed680000, 0x0000000100000000)
  eden space 16384K, 100% used [0x00000000eb180000,0x00000000ec180000,0x00000000ec180000)
  from space 2560K, 98% used [0x00000000ec400000,0x00000000ec678040,0x00000000ec680000)
  to   space 2560K, 0% used [0x00000000ec180000,0x00000000ec180000,0x00000000ec400000)
 ParOldGen       total 44032K, used 6597K [0x00000000c1400000, 0x00000000c3f00000, 0x00000000eb180000)
  object space 44032K, 14% used [0x00000000c1400000,0x00000000c1a71598,0x00000000c3f00000)
 Metaspace       used 14371K, capacity 14704K, committed 14976K, reserved 1062912K
  class space    used 1782K, capacity 1880K, committed 1920K, reserved 1048576K
Event: 10.012 GC heap after
Heap after GC invocations=5 (full 0):
 PSYoungGen      total 18944K, used 2528K [0x00000000eb180000, 0x00000000edd80000, 0x0000000100000000)
  eden space 16384K, 0% used [0x00000000eb180000,0x00000000eb180000,0x00000000ec180000)
  from space 2560K, 98% used [0x00000000ec180000,0x00000000ec3f8020,0x00000000ec400000)
  to   space 6144K, 0% used [0x00000000ed780000,0x00000000ed780000,0x00000000edd80000)
 ParOldGen       total 44032K, used 8947K [0x00000000c1400000, 0x00000000c3f00000, 0x00000000eb180000)
  object space 44032K, 20% used [0x00000000c1400000,0x00000000c1cbcc00,0x00000000c3f00000)
 Metaspace       used 14371K, capacity 14704K, committed 14976K, reserved 1062912K
  class space    used 1782K, capacity 1880K, committed 1920K, reserved 1048576K
}

Deoptimization events (10 events):
Event: 9.072 Thread 0x000001a7ee3fb000 Uncommon trap: reason=unstable_if action=reinterpret pc=0x000001a7f00b0c70 method=sun.nio.cs.StreamDecoder.implRead([CII)I @ 36
Event: 9.172 Thread 0x000001a7ee3fb000 Uncommon trap: reason=unstable_if action=reinterpret pc=0x000001a7f00bb268 method=sun.nio.cs.StreamDecoder.implRead([CII)I @ 36
Event: 9.521 Thread 0x000001a7ee3fb000 Uncommon trap: reason=bimorphic action=maybe_recompile pc=0x000001a7f02cb8b8 method=java.net.URL.<init>(Ljava/net/URL;Ljava/lang/String;Ljava/net/URLStreamHandler;)V @ 504
Event: 9.522 Thread 0x000001a7ee3fb000 Uncommon trap: reason=unstable_if action=reinterpret pc=0x000001a7f02a5cb8 method=sun.net.util.IPAddressUtil.scan(Ljava/lang/String;JJ[C)I @ 14
Event: 9.535 Thread 0x000001a7ee3fb000 Uncommon trap: reason=bimorphic action=maybe_recompile pc=0x000001a7f02cb8b8 method=java.net.URL.<init>(Ljava/net/URL;Ljava/lang/String;Ljava/net/URLStreamHandler;)V @ 504
Event: 9.905 Thread 0x000001a7ee3fb000 Uncommon trap: reason=unstable_if action=reinterpret pc=0x000001a7eff88914 method=java.lang.String.replace(CC)Ljava/lang/String; @ 2
Event: 10.863 Thread 0x000001a7ee3fb000 Uncommon trap: reason=unstable_if action=reinterpret pc=0x000001a7f009eaf8 method=sun.nio.cs.UTF_8$Decoder.decodeArrayLoop(Ljava/nio/ByteBuffer;Ljava/nio/CharBuffer;)Ljava/nio/charset/CoderResult; @ 84
Event: 11.744 Thread 0x000001a7ee3fb000 Uncommon trap: reason=unstable_if action=reinterpret pc=0x000001a7f0196078 method=java.util.HashMap.hash(Ljava/lang/Object;)I @ 1
Event: 11.745 Thread 0x000001a7ee3fb000 Uncommon trap: reason=unstable_if action=reinterpret pc=0x000001a7f01b3674 method=java.util.HashMap.hash(Ljava/lang/Object;)I @ 1
Event: 11.745 Thread 0x000001a7ee3fb000 Uncommon trap: reason=unstable_if action=reinterpret pc=0x000001a7f010ca68 method=java.util.HashMap.hash(Ljava/lang/Object;)I @ 1

Classes redefined (0 events):
No events

Internal exceptions (10 events):
Event: 7.848 Thread 0x000001a7ee3fb000 Exception <a 'java/lang/NoClassDefFoundError'> (0x00000000eb71c238) thrown at [C:\jenkins\workspace\8-2-build-windows-x64-cygwin\jdk8u361\3183\hotspot\src\share\vm\prims\jvm.cpp, line 1517]
Event: 9.454 Thread 0x000001a7ee3fb000 Exception <a 'java/lang/NullPointerException'> (0x00000000ebdee9d8) thrown at [C:\jenkins\workspace\8-2-build-windows-x64-cygwin\jdk8u361\3183\hotspot\src\share\vm\interpreter\linkResolver.cpp, line 1185]
Event: 9.454 Thread 0x000001a7ee3fb000 Exception <a 'java/lang/NullPointerException'> (0x00000000ebdeebe0) thrown at [C:\jenkins\workspace\8-2-build-windows-x64-cygwin\jdk8u361\3183\hotspot\src\share\vm\interpreter\linkResolver.cpp, line 1185]
Event: 9.454 Thread 0x000001a7ee3fb000 Exception <a 'java/lang/NullPointerException'> (0x00000000ebdeede8) thrown at [C:\jenkins\workspace\8-2-build-windows-x64-cygwin\jdk8u361\3183\hotspot\src\share\vm\interpreter\linkResolver.cpp, line 1185]
Event: 9.460 Thread 0x000001a7ee3fb000 Exception <a 'java/lang/NullPointerException'> (0x00000000ebdf61d8) thrown at [C:\jenkins\workspace\8-2-build-windows-x64-cygwin\jdk8u361\3183\hotspot\src\share\vm\interpreter\linkResolver.cpp, line 1185]
Event: 9.460 Thread 0x000001a7ee3fb000 Exception <a 'java/lang/NullPointerException'> (0x00000000ebdf63e0) thrown at [C:\jenkins\workspace\8-2-build-windows-x64-cygwin\jdk8u361\3183\hotspot\src\share\vm\interpreter\linkResolver.cpp, line 1185]
Event: 9.460 Thread 0x000001a7ee3fb000 Exception <a 'java/lang/NullPointerException'> (0x00000000ebdf65e8) thrown at [C:\jenkins\workspace\8-2-build-windows-x64-cygwin\jdk8u361\3183\hotspot\src\share\vm\interpreter\linkResolver.cpp, line 1185]
Event: 11.744 Thread 0x000001a7ee3fb000 Implicit null exception at 0x000001a7f0195bdb to 0x000001a7f019605d
Event: 11.744 Thread 0x000001a7ee3fb000 Implicit null exception at 0x000001a7f01b3495 to 0x000001a7f01b3665
Event: 11.745 Thread 0x000001a7ee3fb000 Implicit null exception at 0x000001a7f010c9ef to 0x000001a7f010ca59

Events (10 events):
Event: 11.886 loading class java/lang/Character$CharacterCache
Event: 11.886 loading class java/lang/Character$CharacterCache done
Event: 11.891 loading class org/apache/maven/plugin/DefaultPluginRealmCache$CacheKey
Event: 11.891 loading class org/apache/maven/plugin/DefaultPluginRealmCache$CacheKey done
Event: 11.894 loading class org/apache/maven/plugin/CacheUtils
Event: 11.903 loading class org/apache/maven/plugin/CacheUtils done
Event: 11.923 loading class org/apache/maven/plugin/internal/PlexusUtilsInjector
Event: 11.923 loading class org/apache/maven/plugin/internal/PlexusUtilsInjector done
Event: 11.951 loading class org/apache/maven/plugin/internal/WagonExcluder
Event: 11.951 loading class org/apache/maven/plugin/internal/WagonExcluder done


Dynamic libraries:
0x00007ff632380000 - 0x00007ff6323c7000 	C:\Program Files\Java\jdk1.8.0_361\bin\java.exe
0x00007fff96950000 - 0x00007fff96b48000 	C:\WINDOWS\SYSTEM32\ntdll.dll
0x00007fff95980000 - 0x00007fff95a3d000 	C:\WINDOWS\System32\KERNEL32.DLL
0x00007fff943d0000 - 0x00007fff946c6000 	C:\WINDOWS\System32\KERNELBASE.dll
0x00007fff96280000 - 0x00007fff9632e000 	C:\WINDOWS\System32\ADVAPI32.dll
0x00007fff96870000 - 0x00007fff9690e000 	C:\WINDOWS\System32\msvcrt.dll
0x00007fff949b0000 - 0x00007fff94a4c000 	C:\WINDOWS\System32\sechost.dll
0x00007fff955a0000 - 0x00007fff956c6000 	C:\WINDOWS\System32\RPCRT4.dll
0x00007fff94e40000 - 0x00007fff94fde000 	C:\WINDOWS\System32\USER32.dll
0x00007fff94030000 - 0x00007fff94052000 	C:\WINDOWS\System32\win32u.dll
0x00007fff95570000 - 0x00007fff9559c000 	C:\WINDOWS\System32\GDI32.dll
0x00007fff94060000 - 0x00007fff9417a000 	C:\WINDOWS\System32\gdi32full.dll
0x00007fff94180000 - 0x00007fff9421d000 	C:\WINDOWS\System32\msvcp_win.dll
0x00007fff94720000 - 0x00007fff94820000 	C:\WINDOWS\System32\ucrtbase.dll
0x00007fff8bb90000 - 0x00007fff8be2a000 	C:\WINDOWS\WinSxS\amd64_microsoft.windows.common-controls_6595b64144ccf1df_6.0.19041.1110_none_60b5254171f9507e\COMCTL32.dll
0x00007fff953a0000 - 0x00007fff953d0000 	C:\WINDOWS\System32\IMM32.DLL
0x00007fff852e0000 - 0x00007fff852f5000 	C:\Program Files\Java\jdk1.8.0_361\jre\bin\vcruntime140.dll
0x00007fff7a9f0000 - 0x00007fff7aa8b000 	C:\Program Files\Java\jdk1.8.0_361\jre\bin\msvcp140.dll
0x00000000535d0000 - 0x0000000053e33000 	C:\Program Files\Java\jdk1.8.0_361\jre\bin\server\jvm.dll
0x00007fff89690000 - 0x00007fff8969a000 	C:\WINDOWS\SYSTEM32\VERSION.dll
0x00007fff95430000 - 0x00007fff95438000 	C:\WINDOWS\System32\PSAPI.DLL
0x00007fff86250000 - 0x00007fff86277000 	C:\WINDOWS\SYSTEM32\WINMM.dll
0x00007fff82de0000 - 0x00007fff82de9000 	C:\WINDOWS\SYSTEM32\WSOCK32.dll
0x00007fff95440000 - 0x00007fff954ab000 	C:\WINDOWS\System32\WS2_32.dll
0x00007fff92850000 - 0x00007fff92862000 	C:\WINDOWS\SYSTEM32\kernel.appcore.dll
0x00007fff8e610000 - 0x00007fff8e620000 	C:\Program Files\Java\jdk1.8.0_361\jre\bin\verify.dll
0x00007fff7c250000 - 0x00007fff7c27b000 	C:\Program Files\Java\jdk1.8.0_361\jre\bin\java.dll
0x00007fff838f0000 - 0x00007fff83908000 	C:\Program Files\Java\jdk1.8.0_361\jre\bin\zip.dll
0x00007fff95b30000 - 0x00007fff96275000 	C:\WINDOWS\System32\SHELL32.dll
0x00007fff91fe0000 - 0x00007fff9277b000 	C:\WINDOWS\SYSTEM32\windows.storage.dll
0x00007fff95040000 - 0x00007fff95394000 	C:\WINDOWS\System32\combase.dll
0x00007fff939a0000 - 0x00007fff939ce000 	C:\WINDOWS\SYSTEM32\Wldp.dll
0x00007fff954c0000 - 0x00007fff9556d000 	C:\WINDOWS\System32\SHCORE.dll
0x00007fff94fe0000 - 0x00007fff95035000 	C:\WINDOWS\System32\shlwapi.dll
0x00007fff93f60000 - 0x00007fff93f85000 	C:\WINDOWS\SYSTEM32\profapi.dll
0x0000000069ac0000 - 0x0000000069ae4000 	C:\Program Files\NetBeans-16\netbeans\java\maven\lib\jansi-native\Windows\x86_64\jansi.dll
0x00007fff8e100000 - 0x00007fff8e2e4000 	C:\WINDOWS\SYSTEM32\dbghelp.dll
0x00007fff94340000 - 0x00007fff943c2000 	C:\WINDOWS\System32\bcryptPrimitives.dll

VM Arguments:
jvm_args: -Dclassworlds.conf=C:\Program Files\NetBeans-16\netbeans\java\maven\bin\m2.conf -Dmaven.home=C:\Program Files\NetBeans-16\netbeans\java\maven -Dlibrary.jansi.path=C:\Program Files\NetBeans-16\netbeans\java\maven\lib\jansi-native -Dmaven.multiModuleProjectDirectory=C:\Users\eliana\Documents\NetBeansProjects\ClaseJavaIntermedioMyJ10A12 
java_command: org.codehaus.plexus.classworlds.launcher.Launcher -Dexec.vmArgs= -Dexec.args=${exec.vmArgs} -classpath %classpath ${exec.mainClass} ${exec.appArgs} -Dexec.appArgs= -Dexec.mainClass=com.mycompany.clasejavaintermediomyj10a12.ClaseJavaIntermedioMyJ10A12 -Dexec.executable=C:\Program Files\Java\jdk1.8.0_361\bin\java.exe -Dmaven.ext.class.path=C:\Program Files\NetBeans-16\netbeans\java\maven-nblib\netbeans-eventspy.jar -Dfile.encoding=UTF-8 org.codehaus.mojo:exec-maven-plugin:3.0.0:exec
java_class_path (initial): C:\Program Files\NetBeans-16\netbeans\java\maven\boot\plexus-classworlds-2.6.0.jar
Launcher Type: SUN_STANDARD

Environment Variables:
JAVA_HOME=C:\Program Files\Java\jdk1.8.0_361
PATH=C:\Program Files (x86)\Common Files\Oracle\Java\javapath;C:\Program Files (x86)\Intel\TXE Components\TCS\;C:\Program Files\Intel\TXE Components\TCS\;C:\WINDOWS\system32;C:\WINDOWS;C:\WINDOWS\System32\Wbem;C:\WINDOWS\System32\WindowsPowerShell\v1.0\;C:\Program Files (x86)\Common Files\lenovo\easyplussdk\bin;C:\Program Files\Intel\TXE Components\DAL\;C:\Program Files (x86)\Intel\TXE Components\DAL\;C:\Program Files\Intel\TXE Components\IPT\;C:\Program Files (x86)\Intel\TXE Components\IPT\;C:\Program Files\TortoiseSVN\bin;C:\WINDOWS\System32\OpenSSH\;C:\Program Files\Intel\WiFi\bin\;C:\Program Files\Common Files\Intel\WirelessCommon\;C:\Program Files\Calibre2\;C:\Program Files\Git\cmd;C:\Program Files\MySQL\MySQL Shell 8.0\bin\;C:\Users\eliana\AppData\Local\Microsoft\WindowsApps;
USERNAME=eliana
OS=Windows_NT
PROCESSOR_IDENTIFIER=Intel64 Family 6 Model 76 Stepping 3, GenuineIntel



---------------  S Y S T E M  ---------------

OS: Windows 10 , 64 bit Build 19041 (10.0.19041.3393)

CPU:total 4 (initial active 4) (4 cores per cpu, 1 threads per core) family 6 model 76 stepping 3, cmov, cx8, fxsr, mmx, sse, sse2, sse3, ssse3, sse4.1, sse4.2, popcnt, aes, clmul, erms, 3dnowpref, tsc, tscinvbit

Memory: 4k page, physical 4104464k(391408k free), swap 16687376k(7248k free)

vm_info: Java HotSpot(TM) 64-Bit Server VM (25.361-b09) for windows-amd64 JRE (1.8.0_361-b09), built on Jan  9 2023 08:38:53 by "java_re" with MS VC++ 15.9 (VS2017)

time: Thu Nov  9 10:48:26 2023
timezone: Hora estándar de Argentina
elapsed time: 12.140568 seconds (0d 0h 0m 12s)

